1572357843.107720 client started (87572): version 2.9a, socket /tmp//tmux-501/default, protocol 8
1572357843.107759 on Darwin 19.0.0 Darwin Kernel Version 19.0.0: Wed Sep 25 20:18:50 PDT 2019; root:xnu-6153.11.26~2/RELEASE_X86_64; libevent 2.1.11-stable (select)
1572357843.107791 socket is /tmp//tmux-501/default
1572357843.107808 trying connect
1572357843.107877 add peer 0x109b9f000: 6 (0x0)
1572357843.108869 sending message 100 to peer 0x109b9f000 (4 bytes)
1572357843.108895 sending message 101 to peer 0x109b9f000 (16 bytes)
1572357843.108903 sending message 102 to peer 0x109b9f000 (13 bytes)
1572357843.108909 sending message 108 to peer 0x109b9f000 (30 bytes)
1572357843.108923 sending message 104 to peer 0x109b9f000 (0 bytes)
1572357843.108929 sending message 107 to peer 0x109b9f000 (4 bytes)
1572357843.108935 sending message 105 to peer 0x109b9f000 (15 bytes)
1572357843.108941 sending message 105 to peer 0x109b9f000 (20 bytes)
1572357843.108947 sending message 105 to peer 0x109b9f000 (11 bytes)
1572357843.108953 sending message 105 to peer 0x109b9f000 (26 bytes)
1572357843.108959 sending message 105 to peer 0x109b9f000 (20 bytes)
1572357843.108964 sending message 105 to peer 0x109b9f000 (61 bytes)
1572357843.108970 sending message 105 to peer 0x109b9f000 (17 bytes)
1572357843.108976 sending message 105 to peer 0x109b9f000 (19 bytes)
1572357843.108982 sending message 105 to peer 0x109b9f000 (31 bytes)
1572357843.108988 sending message 105 to peer 0x109b9f000 (8 bytes)
1572357843.108994 sending message 105 to peer 0x109b9f000 (22 bytes)
1572357843.109000 sending message 105 to peer 0x109b9f000 (32 bytes)
1572357843.109005 sending message 105 to peer 0x109b9f000 (37 bytes)
1572357843.109011 sending message 105 to peer 0x109b9f000 (11 bytes)
1572357843.109017 sending message 105 to peer 0x109b9f000 (157 bytes)
1572357843.109023 sending message 105 to peer 0x109b9f000 (34 bytes)
1572357843.109028 sending message 105 to peer 0x109b9f000 (15 bytes)
1572357843.109034 sending message 105 to peer 0x109b9f000 (8 bytes)
1572357843.109039 sending message 105 to peer 0x109b9f000 (66 bytes)
1572357843.109045 sending message 105 to peer 0x109b9f000 (21 bytes)
1572357843.109051 sending message 105 to peer 0x109b9f000 (23 bytes)
1572357843.109057 sending message 105 to peer 0x109b9f000 (32 bytes)
1572357843.109062 sending message 105 to peer 0x109b9f000 (60 bytes)
1572357843.109068 sending message 105 to peer 0x109b9f000 (57 bytes)
1572357843.109073 sending message 105 to peer 0x109b9f000 (36 bytes)
1572357843.109079 sending message 105 to peer 0x109b9f000 (13 bytes)
1572357843.109085 sending message 105 to peer 0x109b9f000 (19 bytes)
1572357843.109090 sending message 105 to peer 0x109b9f000 (14 bytes)
1572357843.109096 sending message 105 to peer 0x109b9f000 (19 bytes)
1572357843.109101 sending message 105 to peer 0x109b9f000 (36 bytes)
1572357843.109107 sending message 105 to peer 0x109b9f000 (32 bytes)
1572357843.109112 sending message 105 to peer 0x109b9f000 (34 bytes)
1572357843.109118 sending message 105 to peer 0x109b9f000 (39 bytes)
1572357843.109124 sending message 105 to peer 0x109b9f000 (39 bytes)
1572357843.109129 sending message 105 to peer 0x109b9f000 (38 bytes)
1572357843.109135 sending message 105 to peer 0x109b9f000 (40 bytes)
1572357843.109140 sending message 105 to peer 0x109b9f000 (39 bytes)
1572357843.109146 sending message 105 to peer 0x109b9f000 (43 bytes)
1572357843.109152 sending message 105 to peer 0x109b9f000 (40 bytes)
1572357843.109157 sending message 105 to peer 0x109b9f000 (37 bytes)
1572357843.109163 sending message 105 to peer 0x109b9f000 (39 bytes)
1572357843.109168 sending message 105 to peer 0x109b9f000 (44 bytes)
1572357843.109174 sending message 105 to peer 0x109b9f000 (35 bytes)
1572357843.109179 sending message 105 to peer 0x109b9f000 (47 bytes)
1572357843.109185 sending message 105 to peer 0x109b9f000 (33 bytes)
1572357843.109191 sending message 105 to peer 0x109b9f000 (37 bytes)
1572357843.109196 sending message 105 to peer 0x109b9f000 (31 bytes)
1572357843.109202 sending message 105 to peer 0x109b9f000 (40 bytes)
1572357843.109220 sending message 105 to peer 0x109b9f000 (40 bytes)
1572357843.109224 sending message 105 to peer 0x109b9f000 (45 bytes)
1572357843.109228 sending message 105 to peer 0x109b9f000 (37 bytes)
1572357843.109232 sending message 105 to peer 0x109b9f000 (37 bytes)
1572357843.109236 sending message 105 to peer 0x109b9f000 (34 bytes)
1572357843.109239 sending message 105 to peer 0x109b9f000 (35 bytes)
1572357843.109243 sending message 105 to peer 0x109b9f000 (42 bytes)
1572357843.109247 sending message 105 to peer 0x109b9f000 (43 bytes)
1572357843.109251 sending message 105 to peer 0x109b9f000 (43 bytes)
1572357843.109255 sending message 105 to peer 0x109b9f000 (35 bytes)
1572357843.109259 sending message 105 to peer 0x109b9f000 (31 bytes)
1572357843.109263 sending message 105 to peer 0x109b9f000 (32 bytes)
1572357843.109267 sending message 105 to peer 0x109b9f000 (32 bytes)
1572357843.109271 sending message 105 to peer 0x109b9f000 (30 bytes)
1572357843.109275 sending message 105 to peer 0x109b9f000 (34 bytes)
1572357843.109279 sending message 105 to peer 0x109b9f000 (32 bytes)
1572357843.109283 sending message 105 to peer 0x109b9f000 (32 bytes)
1572357843.109287 sending message 105 to peer 0x109b9f000 (43 bytes)
1572357843.109291 sending message 105 to peer 0x109b9f000 (46 bytes)
1572357843.109295 sending message 105 to peer 0x109b9f000 (36 bytes)
1572357843.109299 sending message 105 to peer 0x109b9f000 (39 bytes)
1572357843.109303 sending message 105 to peer 0x109b9f000 (39 bytes)
1572357843.109307 sending message 105 to peer 0x109b9f000 (28 bytes)
1572357843.109311 sending message 105 to peer 0x109b9f000 (33 bytes)
1572357843.109315 sending message 105 to peer 0x109b9f000 (31 bytes)
1572357843.109319 sending message 105 to peer 0x109b9f000 (31 bytes)
1572357843.109322 sending message 105 to peer 0x109b9f000 (38 bytes)
1572357843.109326 sending message 105 to peer 0x109b9f000 (38 bytes)
1572357843.109330 sending message 105 to peer 0x109b9f000 (23 bytes)
1572357843.109334 sending message 105 to peer 0x109b9f000 (37 bytes)
1572357843.109338 sending message 105 to peer 0x109b9f000 (29 bytes)
1572357843.109341 sending message 105 to peer 0x109b9f000 (29 bytes)
1572357843.109345 sending message 105 to peer 0x109b9f000 (33 bytes)
1572357843.109349 sending message 105 to peer 0x109b9f000 (34 bytes)
1572357843.109353 sending message 105 to peer 0x109b9f000 (34 bytes)
1572357843.109357 sending message 105 to peer 0x109b9f000 (124 bytes)
1572357843.109361 sending message 105 to peer 0x109b9f000 (48 bytes)
1572357843.109365 sending message 105 to peer 0x109b9f000 (55 bytes)
1572357843.109369 sending message 105 to peer 0x109b9f000 (55 bytes)
1572357843.109373 sending message 105 to peer 0x109b9f000 (215 bytes)
1572357843.109377 sending message 105 to peer 0x109b9f000 (49 bytes)
1572357843.109380 sending message 105 to peer 0x109b9f000 (56 bytes)
1572357843.109385 sending message 105 to peer 0x109b9f000 (56 bytes)
1572357843.109388 sending message 105 to peer 0x109b9f000 (34 bytes)
1572357843.109392 sending message 105 to peer 0x109b9f000 (34 bytes)
1572357843.109396 sending message 105 to peer 0x109b9f000 (55 bytes)
1572357843.109400 sending message 105 to peer 0x109b9f000 (50 bytes)
1572357843.109404 sending message 105 to peer 0x109b9f000 (50 bytes)
1572357843.109408 sending message 105 to peer 0x109b9f000 (40 bytes)
1572357843.109412 sending message 105 to peer 0x109b9f000 (51 bytes)
1572357843.109415 sending message 105 to peer 0x109b9f000 (46 bytes)
1572357843.109419 sending message 105 to peer 0x109b9f000 (46 bytes)
1572357843.109423 sending message 105 to peer 0x109b9f000 (41 bytes)
1572357843.109427 sending message 105 to peer 0x109b9f000 (48 bytes)
1572357843.109430 sending message 105 to peer 0x109b9f000 (49 bytes)
1572357843.109434 sending message 105 to peer 0x109b9f000 (49 bytes)
1572357843.109438 sending message 105 to peer 0x109b9f000 (51 bytes)
1572357843.109441 sending message 105 to peer 0x109b9f000 (41 bytes)
1572357843.109445 sending message 105 to peer 0x109b9f000 (43 bytes)
1572357843.109449 sending message 105 to peer 0x109b9f000 (45 bytes)
1572357843.109462 sending message 105 to peer 0x109b9f000 (46 bytes)
1572357843.109466 sending message 105 to peer 0x109b9f000 (46 bytes)
1572357843.109470 sending message 105 to peer 0x109b9f000 (22 bytes)
1572357843.109474 sending message 106 to peer 0x109b9f000 (0 bytes)
1572357843.109483 sending message 200 to peer 0x109b9f000 (4 bytes)
1572357843.109488 client loop enter
1572357843.109747 peer 0x109b9f000 message 211
1572357843.109766 client_write: sessions should be nested with care, unset $TMUX to force\n
1572357843.109783 peer 0x109b9f000 message 203
1572357843.109788 client loop exit
